#
# A fatal error has been detected by the Java Runtime Environment:
#
#  Internal Error (./src/hotspot/share/oops/generateOopMap.cpp:2164), pid=1352, tid=604
#  fatal error: Illegal class file encountered. Try running with -Xverify:all in method insert
#
# JRE version: OpenJDK Runtime Environment 18.9 (11.0.13+8) (build 11.0.13+8-LTS)
# Java VM: OpenJDK 64-Bit Server VM 18.9 (11.0.13+8-LTS, mixed mode, tiered, compressed oops, g1 gc, windows-amd64)
# No core dump will be written. Minidumps are not enabled by default on client versions of Windows
#
# If you would like to submit a bug report, please visit:
#   https://bugzilla.redhat.com/enter_bug.cgi
#

---------------  S U M M A R Y ------------

Command Line: -agentlib:jdwp=transport=dt_socket,suspend=y,address=localhost:57011 -javaagent:C:\Users\ASUS\eclipse\jee-2021-09\eclipse\configuration\org.eclipse.osgi\415\0\.cp\lib\javaagent-shaded.jar -Dfile.encoding=Cp1252 com.universidadjava.daoImpl.BaseDaoJDBC

Host: Intel(R) Core(TM) i5-1035G1 CPU @ 1.00GHz, 8 cores, 7G,  Windows 10 , 64 bit Build 19041 (10.0.19041.1566)
Time: Sun Apr 10 13:22:56 2022 Hora est. Pacífico, Sudamérica elapsed time: 331.520195 seconds (0d 0h 5m 31s)

---------------  T H R E A D  ---------------

Current thread (0x000001f37f1a3800):  VMThread "VM Thread" [stack: 0x000000e46de00000,0x000000e46df00000] [id=604]

Stack: [0x000000e46de00000,0x000000e46df00000]
[error occurred during error reporting (printing stack bounds), id 0xc0000005, EXCEPTION_ACCESS_VIOLATION (0xc0000005) at pc=0x000001f36e8b12e7]

Native frames: (J=compiled Java code, j=interpreted, Vv=VM code, C=native code)
V  [jvm.dll+0x61cc5a]
V  [jvm.dll+0x7a8f79]
V  [jvm.dll+0x7aa63f]
V  [jvm.dll+0x7aac75]
V  [jvm.dll+0x7aac2b]
V  [jvm.dll+0x61c143]
V  [jvm.dll+0x61c858]
C  [ntdll.dll+0xa20cf]
C  [ntdll.dll+0x51454]
C  [ntdll.dll+0xa0bfe]
C  0x000001f36e8b12e7

VM_Operation (0x000000e46e9ff5d0): GetOrSetLocal, mode: safepoint, requested by thread 0x000001f37fe83000


---------------  P R O C E S S  ---------------

Threads class SMR info:
_java_thread_list=0x000001f37fe5fcf0, length=14, elements={
0x000001f36618d800, 0x000001f37f1c5800, 0x000001f37f1cf000, 0x000001f37f1e3000,
0x000001f37f1e4000, 0x000001f37f1e5000, 0x000001f37f1e7800, 0x000001f37f1e8800,
0x000001f37f1ed000, 0x000001f37f15a800, 0x000001f37fe83000, 0x000001f37feca800,
0x000001f37fecb000, 0x000001f30638f800
}

Java Threads: ( => current thread )
  0x000001f36618d800 JavaThread "main" [_thread_blocked, id=9636, stack(0x000000e46d800000,0x000000e46d900000)]
  0x000001f37f1c5800 JavaThread "Reference Handler" daemon [_thread_blocked, id=536, stack(0x000000e46df00000,0x000000e46e000000)]
  0x000001f37f1cf000 JavaThread "Finalizer" daemon [_thread_blocked, id=9748, stack(0x000000e46e000000,0x000000e46e100000)]
  0x000001f37f1e3000 JavaThread "Signal Dispatcher" daemon [_thread_blocked, id=7464, stack(0x000000e46e100000,0x000000e46e200000)]
  0x000001f37f1e4000 JavaThread "Attach Listener" daemon [_thread_blocked, id=956, stack(0x000000e46e200000,0x000000e46e300000)]
  0x000001f37f1e5000 JavaThread "Service Thread" daemon [_thread_blocked, id=10488, stack(0x000000e46e300000,0x000000e46e400000)]
  0x000001f37f1e7800 JavaThread "C2 CompilerThread0" daemon [_thread_blocked, id=8540, stack(0x000000e46e400000,0x000000e46e500000)]
  0x000001f37f1e8800 JavaThread "C1 CompilerThread0" daemon [_thread_blocked, id=14900, stack(0x000000e46e500000,0x000000e46e600000)]
  0x000001f37f1ed000 JavaThread "Sweeper thread" daemon [_thread_blocked, id=14896, stack(0x000000e46e600000,0x000000e46e700000)]
  0x000001f37f15a800 JavaThread "Common-Cleaner" daemon [_thread_blocked, id=14892, stack(0x000000e46e700000,0x000000e46e800000)]
  0x000001f37fe83000 JavaThread "JDWP Transport Listener: dt_socket" daemon [_thread_blocked, id=14908, stack(0x000000e46e900000,0x000000e46ea00000)] _threads_hazard_ptr=0x000001f37fe5fcf0
  0x000001f37feca800 JavaThread "JDWP Event Helper Thread" daemon [_thread_blocked, id=15284, stack(0x000000e46ea00000,0x000000e46eb00000)]
  0x000001f37fecb000 JavaThread "JDWP Command Reader" daemon [_thread_in_native, id=15288, stack(0x000000e46eb00000,0x000000e46ec00000)]
  0x000001f30638f800 JavaThread "mysql-cj-abandoned-connection-cleanup" daemon [_thread_blocked, id=2876, stack(0x000000e46ec00000,0x000000e46ed00000)]

Other Threads:
=>0x000001f37f1a3800 VMThread "VM Thread" [stack: 0x000000e46de00000,0x000000e46df00000] [id=604]
  0x000001f37fe1b800 WatcherThread [stack: 0x000000e46e800000,0x000000e46e900000] [id=15292]
  0x000001f3661a5000 GCTaskThread "GC Thread#0" [stack: 0x000000e46d900000,0x000000e46da00000] [id=5576]
  0x000001f37ff1b800 GCTaskThread "GC Thread#1" [stack: 0x000000e46ed00000,0x000000e46ee00000] [id=15220]
  0x000001f3661d2800 ConcurrentGCThread "G1 Main Marker" [stack: 0x000000e46da00000,0x000000e46db00000] [id=12272]
  0x000001f3661d3800 ConcurrentGCThread "G1 Conc#0" [stack: 0x000000e46db00000,0x000000e46dc00000] [id=5924]
  0x000001f366263000 ConcurrentGCThread "G1 Refine#0" [stack: 0x000000e46dc00000,0x000000e46dd00000] [id=10892]
  0x000001f366266000 ConcurrentGCThread "G1 Young RemSet Sampling" [stack: 0x000000e46dd00000,0x000000e46de00000] [id=6000]

Threads with active compile tasks:

VM state:at safepoint (normal execution)

VM Mutex/Monitor currently owned by a thread:  ([mutex/lock_event])
[0x000001f366189130] Threads_lock - owner thread: 0x000001f37f1a3800

Heap address: 0x0000000084000000, size: 1984 MB, Compressed Oops mode: 32-bit
Narrow klass base: 0x0000000000000000, Narrow klass shift: 3
Compressed class space size: 1073741824 Address: 0x0000000100000000

Heap:
 garbage-first heap   total 126976K, used 27240K [0x0000000084000000, 0x0000000100000000)
  region size 1024K, 28 young (28672K), 3 survivors (3072K)
 Metaspace       used 17952K, capacity 18306K, committed 18432K, reserved 1064960K
  class space    used 1818K, capacity 1925K, committed 2048K, reserved 1048576K
Heap Regions: E=young(eden), S=young(survivor), O=old, HS=humongous(starts), HC=humongous(continues), CS=collection set, F=free, A=archive, TAMS=top-at-mark-start (previous, next)
|   0|0x0000000084000000, 0x0000000084000000, 0x0000000084100000|  0%| F|  |TAMS 0x0000000084000000, 0x0000000084000000| Untracked 
|   1|0x0000000084100000, 0x0000000084100000, 0x0000000084200000|  0%| F|  |TAMS 0x0000000084100000, 0x0000000084100000| Untracked 
|   2|0x0000000084200000, 0x0000000084200000, 0x0000000084300000|  0%| F|  |TAMS 0x0000000084200000, 0x0000000084200000| Untracked 
|   3|0x0000000084300000, 0x0000000084300000, 0x0000000084400000|  0%| F|  |TAMS 0x0000000084300000, 0x0000000084300000| Untracked 
|   4|0x0000000084400000, 0x0000000084400000, 0x0000000084500000|  0%| F|  |TAMS 0x0000000084400000, 0x0000000084400000| Untracked 
|   5|0x0000000084500000, 0x0000000084500000, 0x0000000084600000|  0%| F|  |TAMS 0x0000000084500000, 0x0000000084500000| Untracked 
|   6|0x0000000084600000, 0x0000000084600000, 0x0000000084700000|  0%| F|  |TAMS 0x0000000084600000, 0x0000000084600000| Untracked 
|   7|0x0000000084700000, 0x0000000084700000, 0x0000000084800000|  0%| F|  |TAMS 0x0000000084700000, 0x0000000084700000| Untracked 
|   8|0x0000000084800000, 0x0000000084800000, 0x0000000084900000|  0%| F|  |TAMS 0x0000000084800000, 0x0000000084800000| Untracked 
|   9|0x0000000084900000, 0x0000000084900000, 0x0000000084a00000|  0%| F|  |TAMS 0x0000000084900000, 0x0000000084900000| Untracked 
|  10|0x0000000084a00000, 0x0000000084a00000, 0x0000000084b00000|  0%| F|  |TAMS 0x0000000084a00000, 0x0000000084a00000| Untracked 
|  11|0x0000000084b00000, 0x0000000084b00000, 0x0000000084c00000|  0%| F|  |TAMS 0x0000000084b00000, 0x0000000084b00000| Untracked 
|  12|0x0000000084c00000, 0x0000000084c00000, 0x0000000084d00000|  0%| F|  |TAMS 0x0000000084c00000, 0x0000000084c00000| Untracked 
|  13|0x0000000084d00000, 0x0000000084d00000, 0x0000000084e00000|  0%| F|  |TAMS 0x0000000084d00000, 0x0000000084d00000| Untracked 
|  14|0x0000000084e00000, 0x0000000084e00000, 0x0000000084f00000|  0%| F|  |TAMS 0x0000000084e00000, 0x0000000084e00000| Untracked 
|  15|0x0000000084f00000, 0x0000000084f00000, 0x0000000085000000|  0%| F|  |TAMS 0x0000000084f00000, 0x0000000084f00000| Untracked 
|  16|0x0000000085000000, 0x0000000085000000, 0x0000000085100000|  0%| F|  |TAMS 0x0000000085000000, 0x0000000085000000| Untracked 
|  17|0x0000000085100000, 0x0000000085100000, 0x0000000085200000|  0%| F|  |TAMS 0x0000000085100000, 0x0000000085100000| Untracked 
|  18|0x0000000085200000, 0x0000000085200000, 0x0000000085300000|  0%| F|  |TAMS 0x0000000085200000, 0x0000000085200000| Untracked 
|  19|0x0000000085300000, 0x0000000085300000, 0x0000000085400000|  0%| F|  |TAMS 0x0000000085300000, 0x0000000085300000| Untracked 
|  20|0x0000000085400000, 0x0000000085400000, 0x0000000085500000|  0%| F|  |TAMS 0x0000000085400000, 0x0000000085400000| Untracked 
|  21|0x0000000085500000, 0x0000000085500000, 0x0000000085600000|  0%| F|  |TAMS 0x0000000085500000, 0x0000000085500000| Untracked 
|  22|0x0000000085600000, 0x0000000085600000, 0x0000000085700000|  0%| F|  |TAMS 0x0000000085600000, 0x0000000085600000| Untracked 
|  23|0x0000000085700000, 0x0000000085700000, 0x0000000085800000|  0%| F|  |TAMS 0x0000000085700000, 0x0000000085700000| Untracked 
|  24|0x0000000085800000, 0x0000000085800000, 0x0000000085900000|  0%| F|  |TAMS 0x0000000085800000, 0x0000000085800000| Untracked 
|  25|0x0000000085900000, 0x0000000085900000, 0x0000000085a00000|  0%| F|  |TAMS 0x0000000085900000, 0x0000000085900000| Untracked 
|  26|0x0000000085a00000, 0x0000000085a00000, 0x0000000085b00000|  0%| F|  |TAMS 0x0000000085a00000, 0x0000000085a00000| Untracked 
|  27|0x0000000085b00000, 0x0000000085b00000, 0x0000000085c00000|  0%| F|  |TAMS 0x0000000085b00000, 0x0000000085b00000| Untracked 
|  28|0x0000000085c00000, 0x0000000085c00000, 0x0000000085d00000|  0%| F|  |TAMS 0x0000000085c00000, 0x0000000085c00000| Untracked 
|  29|0x0000000085d00000, 0x0000000085d00000, 0x0000000085e00000|  0%| F|  |TAMS 0x0000000085d00000, 0x0000000085d00000| Untracked 
|  30|0x0000000085e00000, 0x0000000085e00000, 0x0000000085f00000|  0%| F|  |TAMS 0x0000000085e00000, 0x0000000085e00000| Untracked 
|  31|0x0000000085f00000, 0x0000000085f00000, 0x0000000086000000|  0%| F|  |TAMS 0x0000000085f00000, 0x0000000085f00000| Untracked 
|  32|0x0000000086000000, 0x0000000086000000, 0x0000000086100000|  0%| F|  |TAMS 0x0000000086000000, 0x0000000086000000| Untracked 
|  33|0x0000000086100000, 0x0000000086100000, 0x0000000086200000|  0%| F|  |TAMS 0x0000000086100000, 0x0000000086100000| Untracked 
|  34|0x0000000086200000, 0x0000000086200000, 0x0000000086300000|  0%| F|  |TAMS 0x0000000086200000, 0x0000000086200000| Untracked 
|  35|0x0000000086300000, 0x0000000086300000, 0x0000000086400000|  0%| F|  |TAMS 0x0000000086300000, 0x0000000086300000| Untracked 
|  36|0x0000000086400000, 0x0000000086400000, 0x0000000086500000|  0%| F|  |TAMS 0x0000000086400000, 0x0000000086400000| Untracked 
|  37|0x0000000086500000, 0x0000000086500000, 0x0000000086600000|  0%| F|  |TAMS 0x0000000086500000, 0x0000000086500000| Untracked 
|  38|0x0000000086600000, 0x0000000086600000, 0x0000000086700000|  0%| F|  |TAMS 0x0000000086600000, 0x0000000086600000| Untracked 
|  39|0x0000000086700000, 0x0000000086700000, 0x0000000086800000|  0%| F|  |TAMS 0x0000000086700000, 0x0000000086700000| Untracked 
|  40|0x0000000086800000, 0x0000000086800000, 0x0000000086900000|  0%| F|  |TAMS 0x0000000086800000, 0x0000000086800000| Untracked 
|  41|0x0000000086900000, 0x0000000086900000, 0x0000000086a00000|  0%| F|  |TAMS 0x0000000086900000, 0x0000000086900000| Untracked 
|  42|0x0000000086a00000, 0x0000000086a00000, 0x0000000086b00000|  0%| F|  |TAMS 0x0000000086a00000, 0x0000000086a00000| Untracked 
|  43|0x0000000086b00000, 0x0000000086b00000, 0x0000000086c00000|  0%| F|  |TAMS 0x0000000086b00000, 0x0000000086b00000| Untracked 
|  44|0x0000000086c00000, 0x0000000086c00000, 0x0000000086d00000|  0%| F|  |TAMS 0x0000000086c00000, 0x0000000086c00000| Untracked 
|  45|0x0000000086d00000, 0x0000000086d00000, 0x0000000086e00000|  0%| F|  |TAMS 0x0000000086d00000, 0x0000000086d00000| Untracked 
|  46|0x0000000086e00000, 0x0000000086e00000, 0x0000000086f00000|  0%| F|  |TAMS 0x0000000086e00000, 0x0000000086e00000| Untracked 
|  47|0x0000000086f00000, 0x0000000086f00000, 0x0000000087000000|  0%| F|  |TAMS 0x0000000086f00000, 0x0000000086f00000| Untracked 
|  48|0x0000000087000000, 0x0000000087000000, 0x0000000087100000|  0%| F|  |TAMS 0x0000000087000000, 0x0000000087000000| Untracked 
|  49|0x0000000087100000, 0x0000000087100000, 0x0000000087200000|  0%| F|  |TAMS 0x0000000087100000, 0x0000000087100000| Untracked 
|  50|0x0000000087200000, 0x0000000087200000, 0x0000000087300000|  0%| F|  |TAMS 0x0000000087200000, 0x0000000087200000| Untracked 
|  51|0x0000000087300000, 0x0000000087300000, 0x0000000087400000|  0%| F|  |TAMS 0x0000000087300000, 0x0000000087300000| Untracked 
|  52|0x0000000087400000, 0x0000000087400000, 0x0000000087500000|  0%| F|  |TAMS 0x0000000087400000, 0x0000000087400000| Untracked 
|  53|0x0000000087500000, 0x0000000087500000, 0x0000000087600000|  0%| F|  |TAMS 0x0000000087500000, 0x0000000087500000| Untracked 
|  54|0x0000000087600000, 0x0000000087600000, 0x0000000087700000|  0%| F|  |TAMS 0x0000000087600000, 0x0000000087600000| Untracked 
|  55|0x0000000087700000, 0x0000000087700000, 0x0000000087800000|  0%| F|  |TAMS 0x0000000087700000, 0x0000000087700000| Untracked 
|  56|0x0000000087800000, 0x0000000087800000, 0x0000000087900000|  0%| F|  |TAMS 0x0000000087800000, 0x0000000087800000| Untracked 
|  57|0x0000000087900000, 0x0000000087900000, 0x0000000087a00000|  0%| F|  |TAMS 0x0000000087900000, 0x0000000087900000| Untracked 
|  58|0x0000000087a00000, 0x0000000087a00000, 0x0000000087b00000|  0%| F|  |TAMS 0x0000000087a00000, 0x0000000087a00000| Untracked 
|  59|0x0000000087b00000, 0x0000000087b00000, 0x0000000087c00000|  0%| F|  |TAMS 0x0000000087b00000, 0x0000000087b00000| Untracked 
|  60|0x0000000087c00000, 0x0000000087c00000, 0x0000000087d00000|  0%| F|  |TAMS 0x0000000087c00000, 0x0000000087c00000| Untracked 
|  61|0x0000000087d00000, 0x0000000087d00000, 0x0000000087e00000|  0%| F|  |TAMS 0x0000000087d00000, 0x0000000087d00000| Untracked 
|  62|0x0000000087e00000, 0x0000000087e00000, 0x0000000087f00000|  0%| F|  |TAMS 0x0000000087e00000, 0x0000000087e00000| Untracked 
|  63|0x0000000087f00000, 0x0000000087f00000, 0x0000000088000000|  0%| F|  |TAMS 0x0000000087f00000, 0x0000000087f00000| Untracked 
|  64|0x0000000088000000, 0x0000000088000000, 0x0000000088100000|  0%| F|  |TAMS 0x0000000088000000, 0x0000000088000000| Untracked 
|  65|0x0000000088100000, 0x0000000088100000, 0x0000000088200000|  0%| F|  |TAMS 0x0000000088100000, 0x0000000088100000| Untracked 
|  66|0x0000000088200000, 0x0000000088200000, 0x0000000088300000|  0%| F|  |TAMS 0x0000000088200000, 0x0000000088200000| Untracked 
|  67|0x0000000088300000, 0x0000000088300000, 0x0000000088400000|  0%| F|  |TAMS 0x0000000088300000, 0x0000000088300000| Untracked 
|  68|0x0000000088400000, 0x0000000088400000, 0x0000000088500000|  0%| F|  |TAMS 0x0000000088400000, 0x0000000088400000| Untracked 
|  69|0x0000000088500000, 0x0000000088500000, 0x0000000088600000|  0%| F|  |TAMS 0x0000000088500000, 0x0000000088500000| Untracked 
|  70|0x0000000088600000, 0x0000000088600000, 0x0000000088700000|  0%| F|  |TAMS 0x0000000088600000, 0x0000000088600000| Untracked 
|  71|0x0000000088700000, 0x0000000088700000, 0x0000000088800000|  0%| F|  |TAMS 0x0000000088700000, 0x0000000088700000| Untracked 
|  72|0x0000000088800000, 0x0000000088800000, 0x0000000088900000|  0%| F|  |TAMS 0x0000000088800000, 0x0000000088800000| Untracked 
|  73|0x0000000088900000, 0x0000000088900000, 0x0000000088a00000|  0%| F|  |TAMS 0x0000000088900000, 0x0000000088900000| Untracked 
|  74|0x0000000088a00000, 0x0000000088a00000, 0x0000000088b00000|  0%| F|  |TAMS 0x0000000088a00000, 0x0000000088a00000| Untracked 
|  75|0x0000000088b00000, 0x0000000088b00000, 0x0000000088c00000|  0%| F|  |TAMS 0x0000000088b00000, 0x0000000088b00000| Untracked 
|  76|0x0000000088c00000, 0x0000000088c00000, 0x0000000088d00000|  0%| F|  |TAMS 0x0000000088c00000, 0x0000000088c00000| Untracked 
|  77|0x0000000088d00000, 0x0000000088d00000, 0x0000000088e00000|  0%| F|  |TAMS 0x0000000088d00000, 0x0000000088d00000| Untracked 
|  78|0x0000000088e00000, 0x0000000088e00000, 0x0000000088f00000|  0%| F|  |TAMS 0x0000000088e00000, 0x0000000088e00000| Untracked 
|  79|0x0000000088f00000, 0x0000000088f00000, 0x0000000089000000|  0%| F|  |TAMS 0x0000000088f00000, 0x0000000088f00000| Untracked 
|  80|0x0000000089000000, 0x0000000089000000, 0x0000000089100000|  0%| F|  |TAMS 0x0000000089000000, 0x0000000089000000| Untracked 
|  81|0x0000000089100000, 0x0000000089100000, 0x0000000089200000|  0%| F|  |TAMS 0x0000000089100000, 0x0000000089100000| Untracked 
|  82|0x0000000089200000, 0x0000000089200000, 0x0000000089300000|  0%| F|  |TAMS 0x0000000089200000, 0x0000000089200000| Untracked 
|  83|0x0000000089300000, 0x0000000089300000, 0x0000000089400000|  0%| F|  |TAMS 0x0000000089300000, 0x0000000089300000| Untracked 
|  84|0x0000000089400000, 0x0000000089400000, 0x0000000089500000|  0%| F|  |TAMS 0x0000000089400000, 0x0000000089400000| Untracked 
|  85|0x0000000089500000, 0x0000000089500000, 0x0000000089600000|  0%| F|  |TAMS 0x0000000089500000, 0x0000000089500000| Untracked 
|  86|0x0000000089600000, 0x0000000089600000, 0x0000000089700000|  0%| F|  |TAMS 0x0000000089600000, 0x0000000089600000| Untracked 
|  87|0x0000000089700000, 0x0000000089700000, 0x0000000089800000|  0%| F|  |TAMS 0x0000000089700000, 0x0000000089700000| Untracked 
|  88|0x0000000089800000, 0x0000000089800000, 0x0000000089900000|  0%| F|  |TAMS 0x0000000089800000, 0x0000000089800000| Untracked 
|  89|0x0000000089900000, 0x0000000089900000, 0x0000000089a00000|  0%| F|  |TAMS 0x0000000089900000, 0x0000000089900000| Untracked 
|  90|0x0000000089a00000, 0x0000000089a00000, 0x0000000089b00000|  0%| F|  |TAMS 0x0000000089a00000, 0x0000000089a00000| Untracked 
|  91|0x0000000089b00000, 0x0000000089b00000, 0x0000000089c00000|  0%| F|  |TAMS 0x0000000089b00000, 0x0000000089b00000| Untracked 
|  92|0x0000000089c00000, 0x0000000089c00000, 0x0000000089d00000|  0%| F|  |TAMS 0x0000000089c00000, 0x0000000089c00000| Untracked 
|  93|0x0000000089d00000, 0x0000000089d00000, 0x0000000089e00000|  0%| F|  |TAMS 0x0000000089d00000, 0x0000000089d00000| Untracked 
|  94|0x0000000089e00000, 0x0000000089e00000, 0x0000000089f00000|  0%| F|  |TAMS 0x0000000089e00000, 0x0000000089e00000| Untracked 
|  95|0x0000000089f00000, 0x0000000089f00000, 0x000000008a000000|  0%| F|  |TAMS 0x0000000089f00000, 0x0000000089f00000| Untracked 
|  96|0x000000008a000000, 0x000000008a100000, 0x000000008a100000|100%| E|  |TAMS 0x000000008a000000, 0x000000008a000000| Complete 
|  97|0x000000008a100000, 0x000000008a19a2d0, 0x000000008a200000| 60%| S|CS|TAMS 0x000000008a100000, 0x000000008a100000| Complete 
|  98|0x000000008a200000, 0x000000008a300000, 0x000000008a300000|100%| S|CS|TAMS 0x000000008a200000, 0x000000008a200000| Complete 
|  99|0x000000008a300000, 0x000000008a400000, 0x000000008a400000|100%| S|CS|TAMS 0x000000008a300000, 0x000000008a300000| Complete 
| 100|0x000000008a400000, 0x000000008a500000, 0x000000008a500000|100%| E|CS|TAMS 0x000000008a400000, 0x000000008a400000| Complete 
| 101|0x000000008a500000, 0x000000008a600000, 0x000000008a600000|100%| E|CS|TAMS 0x000000008a500000, 0x000000008a500000| Complete 
| 102|0x000000008a600000, 0x000000008a700000, 0x000000008a700000|100%| E|CS|TAMS 0x000000008a600000, 0x000000008a600000| Complete 
| 103|0x000000008a700000, 0x000000008a800000, 0x000000008a800000|100%| E|CS|TAMS 0x000000008a700000, 0x000000008a700000| Complete 
| 104|0x000000008a800000, 0x000000008a900000, 0x000000008a900000|100%| E|CS|TAMS 0x000000008a800000, 0x000000008a800000| Complete 
| 105|0x000000008a900000, 0x000000008aa00000, 0x000000008aa00000|100%| E|CS|TAMS 0x000000008a900000, 0x000000008a900000| Complete 
| 106|0x000000008aa00000, 0x000000008ab00000, 0x000000008ab00000|100%| E|CS|TAMS 0x000000008aa00000, 0x000000008aa00000| Complete 
| 107|0x000000008ab00000, 0x000000008ac00000, 0x000000008ac00000|100%| E|CS|TAMS 0x000000008ab00000, 0x000000008ab00000| Complete 
| 108|0x000000008ac00000, 0x000000008ad00000, 0x000000008ad00000|100%| E|CS|TAMS 0x000000008ac00000, 0x000000008ac00000| Complete 
| 109|0x000000008ad00000, 0x000000008ae00000, 0x000000008ae00000|100%| E|CS|TAMS 0x000000008ad00000, 0x000000008ad00000| Complete 
| 110|0x000000008ae00000, 0x000000008af00000, 0x000000008af00000|100%| E|CS|TAMS 0x000000008ae00000, 0x000000008ae00000| Complete 
| 111|0x000000008af00000, 0x000000008b000000, 0x000000008b000000|100%| E|CS|TAMS 0x000000008af00000, 0x000000008af00000| Complete 
| 112|0x000000008b000000, 0x000000008b100000, 0x000000008b100000|100%| E|CS|TAMS 0x000000008b000000, 0x000000008b000000| Complete 
| 113|0x000000008b100000, 0x000000008b200000, 0x000000008b200000|100%| E|CS|TAMS 0x000000008b100000, 0x000000008b100000| Complete 
| 114|0x000000008b200000, 0x000000008b300000, 0x000000008b300000|100%| E|CS|TAMS 0x000000008b200000, 0x000000008b200000| Complete 
| 115|0x000000008b300000, 0x000000008b400000, 0x000000008b400000|100%| E|CS|TAMS 0x000000008b300000, 0x000000008b300000| Complete 
| 116|0x000000008b400000, 0x000000008b500000, 0x000000008b500000|100%| E|CS|TAMS 0x000000008b400000, 0x000000008b400000| Complete 
| 117|0x000000008b500000, 0x000000008b600000, 0x000000008b600000|100%| E|CS|TAMS 0x000000008b500000, 0x000000008b500000| Complete 
| 118|0x000000008b600000, 0x000000008b700000, 0x000000008b700000|100%| E|CS|TAMS 0x000000008b600000, 0x000000008b600000| Complete 
| 119|0x000000008b700000, 0x000000008b800000, 0x000000008b800000|100%| E|CS|TAMS 0x000000008b700000, 0x000000008b700000| Complete 
| 120|0x000000008b800000, 0x000000008b900000, 0x000000008b900000|100%| E|CS|TAMS 0x000000008b800000, 0x000000008b800000| Complete 
| 121|0x000000008b900000, 0x000000008ba00000, 0x000000008ba00000|100%| E|CS|TAMS 0x000000008b900000, 0x000000008b900000| Complete 
| 122|0x000000008ba00000, 0x000000008bb00000, 0x000000008bb00000|100%| E|CS|TAMS 0x000000008ba00000, 0x000000008ba00000| Complete 
| 123|0x000000008bb00000, 0x000000008bc00000, 0x000000008bc00000|100%| E|CS|TAMS 0x000000008bb00000, 0x000000008bb00000| Complete 

Card table byte_map: [0x000001f37dfc0000,0x000001f37e3a0000] _byte_map_base: 0x000001f37dba0000

Marking Bits (Prev, Next): (CMBitMap*) 0x000001f3661c9b78, (CMBitMap*) 0x000001f3661c9bb0
 Prev Bits: [0x000001f300000000, 0x000001f301f00000)
 Next Bits: [0x000001f301f00000, 0x000001f303e00000)

Polling page: 0x000001f364110000

Metaspace:

Usage:
  Non-class:     16.00 MB capacity,    15.76 MB ( 98%) used,   217.76 KB (  1%) free+waste,    28.94 KB ( <1%) overhead. 
      Class:      1.88 MB capacity,     1.78 MB ( 94%) used,    94.11 KB (  5%) free+waste,    12.31 KB ( <1%) overhead. 
       Both:     17.88 MB capacity,    17.53 MB ( 98%) used,   311.87 KB (  2%) free+waste,    41.25 KB ( <1%) overhead. 

Virtual space:
  Non-class space:       16.00 MB reserved,      16.00 MB (100%) committed 
      Class space:        1.00 GB reserved,       2.00 MB ( <1%) committed 
             Both:        1.02 GB reserved,      18.00 MB (  2%) committed 

Chunk freelists:
   Non-Class:  3.00 KB
       Class:  27.00 KB
        Both:  30.00 KB

MaxMetaspaceSize: 17179869184.00 GB
CompressedClassSpaceSize: 1.00 GB
Initial GC threshold: 20.80 MB
Current GC threshold: 20.80 MB
CDS: off

CodeHeap 'non-profiled nmethods': size=120000Kb used=233Kb max_used=233Kb free=119766Kb
 bounds [0x000001f376380000, 0x000001f3765f0000, 0x000001f37d8b0000]
CodeHeap 'profiled nmethods': size=120000Kb used=817Kb max_used=817Kb free=119182Kb
 bounds [0x000001f36ee50000, 0x000001f36f0c0000, 0x000001f376380000]
CodeHeap 'non-nmethods': size=5760Kb used=1283Kb max_used=1299Kb free=4476Kb
 bounds [0x000001f36e8b0000, 0x000001f36eb20000, 0x000001f36ee50000]
 total_blobs=1007 nmethods=540 adapters=388
 compilation: enabled
              stopped_count=0, restarted_count=0
 full_count=0

Compilation events (20 events):
Event: 279.080 Thread 0x000001f37f1e8800  531   !   3       jdk.internal.loader.URLClassPath$FileLoader::getResource (164 bytes)
Event: 279.082 Thread 0x000001f37f1e8800 nmethod 531 0x000001f36ef0e090 code [0x000001f36ef0e3a0, 0x000001f36ef0f288]
Event: 284.085 Thread 0x000001f37f1e7800  532       4       java.lang.String::substring (58 bytes)
Event: 284.097 Thread 0x000001f37f1e7800 nmethod 532 0x000001f3763b9490 code [0x000001f3763b9640, 0x000001f3763b9bb8]
Event: 300.560 Thread 0x000001f37f1e8800  533 %     3       org.eclipse.jdt.launching.internal.org.objectweb.asm.ByteVector::encodeUtf8 @ 12 (337 bytes)
Event: 300.569 Thread 0x000001f37f1e8800 nmethod 533% 0x000001f36ef0fa90 code [0x000001f36ef0fdc0, 0x000001f36ef111f8]
Event: 300.570 Thread 0x000001f37f1e8800  535       3       org.eclipse.jdt.launching.internal.org.objectweb.asm.ByteVector::putInt (74 bytes)
Event: 300.570 Thread 0x000001f37f1e8800 nmethod 535 0x000001f36ef11c10 code [0x000001f36ef11de0, 0x000001f36ef12048]
Event: 300.570 Thread 0x000001f37f1e8800  534       3       org.eclipse.jdt.launching.internal.org.objectweb.asm.MethodWriter::setMethodAttributesSource (17 bytes)
Event: 300.570 Thread 0x000001f37f1e8800 nmethod 534 0x000001f36ef12210 code [0x000001f36ef123c0, 0x000001f36ef124d8]
Event: 331.371 Thread 0x000001f37f1e8800  536       3       org.eclipse.jdt.launching.internal.org.objectweb.asm.ClassReader::<init> (371 bytes)
Event: 331.380 Thread 0x000001f37f1e8800 nmethod 536 0x000001f36ef12590 code [0x000001f36ef128e0, 0x000001f36ef14078]
Event: 331.380 Thread 0x000001f37f1e8800  537       3       org.eclipse.jdt.launching.internal.org.objectweb.asm.SymbolTable::addConstantUtf8 (98 bytes)
Event: 331.381 Thread 0x000001f37f1e8800 nmethod 537 0x000001f36ef14990 code [0x000001f36ef14be0, 0x000001f36ef15258]
Event: 331.381 Thread 0x000001f37f1e8800  538       3       org.eclipse.jdt.launching.internal.org.objectweb.asm.ClassWriter::toByteArray (1535 bytes)
Event: 331.395 Thread 0x000001f37f1e8800 nmethod 538 0x000001f36ef15610 code [0x000001f36ef15f60, 0x000001f36ef1a118]
Event: 331.395 Thread 0x000001f37f1e8800  540       1       org.eclipse.jdt.launching.internal.org.objectweb.asm.SymbolTable::getMajorVersion (5 bytes)
Event: 331.396 Thread 0x000001f37f1e8800 nmethod 540 0x000001f3763b9f10 code [0x000001f3763ba0c0, 0x000001f3763ba178]
Event: 331.396 Thread 0x000001f37f1e8800  539       1       org.eclipse.jdt.launching.internal.org.objectweb.asm.SymbolTable::getSource (5 bytes)
Event: 331.396 Thread 0x000001f37f1e8800 nmethod 539 0x000001f3763ba210 code [0x000001f3763ba3c0, 0x000001f3763ba478]

GC Heap History (2 events):
Event: 11.639 GC heap before
{Heap before GC invocations=0 (full 0):
 garbage-first heap   total 126976K, used 23552K [0x0000000084000000, 0x0000000100000000)
  region size 1024K, 24 young (24576K), 0 survivors (0K)
 Metaspace       used 12446K, capacity 12734K, committed 12800K, reserved 1060864K
  class space    used 1137K, capacity 1219K, committed 1280K, reserved 1048576K
}
Event: 11.649 GC heap after
{Heap after GC invocations=1 (full 0):
 garbage-first heap   total 126976K, used 2664K [0x0000000084000000, 0x0000000100000000)
  region size 1024K, 3 young (3072K), 3 survivors (3072K)
 Metaspace       used 12446K, capacity 12734K, committed 12800K, reserved 1060864K
  class space    used 1137K, capacity 1219K, committed 1280K, reserved 1048576K
}

Deoptimization events (20 events):
Event: 0.383 Thread 0x000001f36618d800 DEOPT PACKING pc=0x000001f37638e23c sp=0x000000e46d8fec70
Event: 0.383 Thread 0x000001f36618d800 DEOPT UNPACKING pc=0x000001f36e8b85af sp=0x000000e46d8fec10 mode 2
Event: 0.403 Thread 0x000001f36618d800 Uncommon trap: trap_request=0xffffffde fr.pc=0x000001f37638e23c relative=0x0000000000000dbc
Event: 0.403 Thread 0x000001f36618d800 Uncommon trap: reason=class_check action=maybe_recompile pc=0x000001f37638e23c method=java.util.HashMap.putVal(ILjava/lang/Object;Ljava/lang/Object;ZZ)Ljava/lang/Object; @ 152 c2
Event: 0.403 Thread 0x000001f36618d800 DEOPT PACKING pc=0x000001f37638e23c sp=0x000000e46d8f6ad0
Event: 0.403 Thread 0x000001f36618d800 DEOPT UNPACKING pc=0x000001f36e8b85af sp=0x000000e46d8f6a70 mode 2
Event: 0.431 Thread 0x000001f36618d800 DEOPT PACKING pc=0x000001f36ee7eb0e sp=0x000000e46d8faf80
Event: 0.431 Thread 0x000001f36618d800 DEOPT UNPACKING pc=0x000001f36e8f9d0e sp=0x000000e46d8fa420 mode 0
Event: 0.435 Thread 0x000001f36618d800 Uncommon trap: trap_request=0xffffffde fr.pc=0x000001f37638e23c relative=0x0000000000000dbc
Event: 0.435 Thread 0x000001f36618d800 Uncommon trap: reason=class_check action=maybe_recompile pc=0x000001f37638e23c method=java.util.HashMap.putVal(ILjava/lang/Object;Ljava/lang/Object;ZZ)Ljava/lang/Object; @ 152 c2
Event: 0.435 Thread 0x000001f36618d800 DEOPT PACKING pc=0x000001f37638e23c sp=0x000000e46d8fe550
Event: 0.435 Thread 0x000001f36618d800 DEOPT UNPACKING pc=0x000001f36e8b85af sp=0x000000e46d8fe4f0 mode 2
Event: 0.452 Thread 0x000001f36618d800 Uncommon trap: trap_request=0xffffffde fr.pc=0x000001f37638e23c relative=0x0000000000000dbc
Event: 0.452 Thread 0x000001f36618d800 Uncommon trap: reason=class_check action=maybe_recompile pc=0x000001f37638e23c method=java.util.HashMap.putVal(ILjava/lang/Object;Ljava/lang/Object;ZZ)Ljava/lang/Object; @ 152 c2
Event: 0.452 Thread 0x000001f36618d800 DEOPT PACKING pc=0x000001f37638e23c sp=0x000000e46d8fe290
Event: 0.452 Thread 0x000001f36618d800 DEOPT UNPACKING pc=0x000001f36e8b85af sp=0x000000e46d8fe230 mode 2
Event: 0.597 Thread 0x000001f36618d800 Uncommon trap: trap_request=0xffffff4d fr.pc=0x000001f3763869f0 relative=0x00000000000000d0
Event: 0.597 Thread 0x000001f36618d800 Uncommon trap: reason=unstable_if action=reinterpret pc=0x000001f3763869f0 method=java.lang.String.isLatin1()Z @ 10 c2
Event: 0.597 Thread 0x000001f36618d800 DEOPT PACKING pc=0x000001f3763869f0 sp=0x000000e46d8ff000
Event: 0.597 Thread 0x000001f36618d800 DEOPT UNPACKING pc=0x000001f36e8b85af sp=0x000000e46d8fef50 mode 2

Classes redefined (6 events):
Event: 89.053 Thread 0x000001f37f1a3800 redefined class name=com.universidadjava.dao.utils.DaoJDBUtils, count=1
Event: 231.932 Thread 0x000001f37f1a3800 redefined class name=com.universidadjava.daoImpl.BaseDaoJDBC, count=1
Event: 269.045 Thread 0x000001f37f1a3800 redefined class name=com.universidadjava.daoImpl.BaseDaoJDBC, count=2
Event: 300.566 Thread 0x000001f37f1a3800 redefined class name=com.universidadjava.daoImpl.BaseDaoJDBC, count=3
Event: 331.376 Thread 0x000001f37f1a3800 redefined class name=com.universidadjava.dao.utils.DaoJDBUtils, count=2
Event: 331.378 Thread 0x000001f37f1a3800 redefined class name=com.universidadjava.daoImpl.BaseDaoJDBC, count=4

Internal exceptions (9 events):
Event: 4.509 Thread 0x000001f36618d800 Exception <a 'java/lang/NoSuchMethodError'{0x000000008b427ab8}: 'int java.lang.invoke.DirectMethodHandle$Holder.invokeSpecialIFC(java.lang.Object, java.lang.Object, int)'> (0x000000008b427ab8) thrown at [./src/hotspot/share/interpreter/linkResolver.cpp, line 773]
Event: 5.840 Thread 0x000001f36618d800 Exception <a 'java/lang/NoSuchMethodError'{0x000000008b26adf0}: 'java.lang.Object java.lang.invoke.DirectMethodHandle$Holder.invokeVirtual(java.lang.Object, java.lang.Object, java.lang.Object)'> (0x000000008b26adf0) thrown at [./src/hotspot/share/interpreter/linkResolver.cpp, line 773]
Event: 12.284 Thread 0x000001f36618d800 Exception <a 'java/lang/NoSuchMethodError'{0x000000008b752a48}: 'void java.lang.invoke.DirectMethodHandle$Holder.invokeStaticInit(java.lang.Object, java.lang.Object)'> (0x000000008b752a48) thrown at [./src/hotspot/share/interpreter/linkResolver.cpp, line 773]
Event: 12.495 Thread 0x000001f36618d800 Exception <a 'java/lang/NoSuchMethodError'{0x000000008b66fc48}: 'java.lang.Object java.lang.invoke.DirectMethodHandle$Holder.invokeStaticInit(java.lang.Object, int, int, int, int)'> (0x000000008b66fc48) thrown at [./src/hotspot/share/interpreter/linkResolver.cpp, line 773]
Event: 12.509 Thread 0x000001f36618d800 Exception <a 'sun/nio/fs/WindowsException'{0x000000008b6798d0}> (0x000000008b6798d0) thrown at [./src/hotspot/share/prims/jni.cpp, line 616]
Event: 12.593 Thread 0x000001f36618d800 Exception <a 'java/lang/NoSuchMethodError'{0x000000008b6c7f88}: 'int java.lang.invoke.DirectMethodHandle$Holder.invokeStaticInit(java.lang.Object, java.lang.Object, java.lang.Object, java.lang.Object)'> (0x000000008b6c7f88) thrown at [./src/hotspot/share/interpreter/linkResolver.cpp, line 773]
Event: 12.607 Thread 0x000001f36618d800 Exception <a 'java/lang/IncompatibleClassChangeError'{0x000000008b6d0e40}: Found class java.lang.Object, but interface was expected> (0x000000008b6d0e40) thrown at [./src/hotspot/share/interpreter/linkResolver.cpp, line 839]
Event: 12.615 Thread 0x000001f36618d800 Exception <a 'java/lang/NoSuchMethodError'{0x000000008b6d7478}: 'int java.lang.invoke.DirectMethodHandle$Holder.invokeStaticInit(java.lang.Object, java.lang.Object)'> (0x000000008b6d7478) thrown at [./src/hotspot/share/interpreter/linkResolver.cpp, line 773]
Event: 13.251 Thread 0x000001f36618d800 Exception <a 'java/lang/NoSuchMethodError'{0x000000008b381800}: 'java.lang.Object java.lang.invoke.DirectMethodHandle$Holder.invokeStaticInit(java.lang.Object, java.lang.Object, int, int, int, int)'> (0x000000008b381800) thrown at [./src/hotspot/share/interpreter/linkResolver.cpp, line 773]

Events (20 events):
Event: 331.380 Executing VM operation: RedefineClasses done
Event: 331.390 Executing VM operation: ChangeBreakpoints
Event: 331.390 Executing VM operation: ChangeBreakpoints done
Event: 331.406 Executing VM operation: ChangeBreakpoints
Event: 331.407 Executing VM operation: ChangeBreakpoints done
Event: 331.422 Executing VM operation: ChangeBreakpoints
Event: 331.422 Executing VM operation: ChangeBreakpoints done
Event: 331.428 Executing VM operation: GetFrameCount
Event: 331.428 Executing VM operation: GetFrameCount done
Event: 331.428 Executing VM operation: GetStackTrace
Event: 331.428 Executing VM operation: GetStackTrace done
Event: 331.506 Executing VM operation: GetFrameCount
Event: 331.506 Executing VM operation: GetFrameCount done
Event: 331.507 Executing VM operation: GetOwnedMonitorInfo
Event: 331.507 Executing VM operation: GetOwnedMonitorInfo done
Event: 331.507 Executing VM operation: GetCurrentContendedMonitor
Event: 331.507 Executing VM operation: GetCurrentContendedMonitor done
Event: 331.509 Executing VM operation: GetFrameLocation
Event: 331.509 Executing VM operation: GetFrameLocation done
Event: 331.509 Executing VM operation: GetOrSetLocal


Dynamic libraries:
0x00007ff762010000 - 0x00007ff762072000 	C:\Program Files\RedHat\java-11-openjdk-11.0.13-1\bin\javaw.exe
0x00007ffa5c830000 - 0x00007ffa5ca25000 	C:\Windows\SYSTEM32\ntdll.dll
0x00007ffa5c5f0000 - 0x00007ffa5c6ae000 	C:\Windows\System32\KERNEL32.DLL
0x00007ffa59f50000 - 0x00007ffa5a218000 	C:\Windows\System32\KERNELBASE.dll
0x00007ffa5a790000 - 0x00007ffa5a890000 	C:\Windows\System32\ucrtbase.dll
0x00007ffa53cd0000 - 0x00007ffa53ce5000 	C:\Program Files\RedHat\java-11-openjdk-11.0.13-1\bin\VCRUNTIME140.dll
0x00007ffa53cf0000 - 0x00007ffa53d07000 	C:\Program Files\RedHat\java-11-openjdk-11.0.13-1\bin\jli.dll
0x00007ffa5bc40000 - 0x00007ffa5bde0000 	C:\Windows\System32\USER32.dll
0x00007ffa41b80000 - 0x00007ffa41e1a000 	C:\Windows\WinSxS\amd64_microsoft.windows.common-controls_6595b64144ccf1df_6.0.19041.1110_none_60b5254171f9507e\COMCTL32.dll
0x00007ffa5a270000 - 0x00007ffa5a292000 	C:\Windows\System32\win32u.dll
0x00007ffa5bfa0000 - 0x00007ffa5c03e000 	C:\Windows\System32\msvcrt.dll
0x00007ffa5b1e0000 - 0x00007ffa5b20b000 	C:\Windows\System32\GDI32.dll
0x00007ffa5a400000 - 0x00007ffa5a50b000 	C:\Windows\System32\gdi32full.dll
0x00007ffa5a510000 - 0x00007ffa5a5ad000 	C:\Windows\System32\msvcp_win.dll
0x00007ffa5aa00000 - 0x00007ffa5aa30000 	C:\Windows\System32\IMM32.DLL
0x00007ffa2e7e0000 - 0x00007ffa2e87b000 	C:\Program Files\RedHat\java-11-openjdk-11.0.13-1\bin\msvcp140.dll
0x00007ffa0e4c0000 - 0x00007ffa0f03f000 	C:\Program Files\RedHat\java-11-openjdk-11.0.13-1\bin\server\jvm.dll
0x00007ffa5c040000 - 0x00007ffa5c0ee000 	C:\Windows\System32\ADVAPI32.dll
0x00007ffa5a8b0000 - 0x00007ffa5a94c000 	C:\Windows\System32\sechost.dll
0x00007ffa5be60000 - 0x00007ffa5bf85000 	C:\Windows\System32\RPCRT4.dll
0x00007ffa5c150000 - 0x00007ffa5c158000 	C:\Windows\System32\PSAPI.DLL
0x00007ffa39e90000 - 0x00007ffa39eb7000 	C:\Windows\SYSTEM32\WINMM.dll
0x00007ffa553e0000 - 0x00007ffa553e9000 	C:\Windows\SYSTEM32\WSOCK32.dll
0x00007ffa52d20000 - 0x00007ffa52d2a000 	C:\Windows\SYSTEM32\VERSION.dll
0x00007ffa5b170000 - 0x00007ffa5b1db000 	C:\Windows\System32\WS2_32.dll
0x00007ffa587f0000 - 0x00007ffa58802000 	C:\Windows\SYSTEM32\kernel.appcore.dll
0x00007ffa53f10000 - 0x00007ffa53f20000 	C:\Program Files\RedHat\java-11-openjdk-11.0.13-1\bin\verify.dll
0x00007ffa57d50000 - 0x00007ffa57f34000 	C:\Windows\SYSTEM32\DBGHELP.DLL
0x00007ffa3fb50000 - 0x00007ffa3fb7c000 	C:\Windows\SYSTEM32\dbgcore.DLL
0x00007ffa5a5b0000 - 0x00007ffa5a632000 	C:\Windows\System32\bcryptPrimitives.dll
0x00007ffa53b00000 - 0x00007ffa53b28000 	C:\Program Files\RedHat\java-11-openjdk-11.0.13-1\bin\java.dll
0x00007ffa53bd0000 - 0x00007ffa53bda000 	C:\Program Files\RedHat\java-11-openjdk-11.0.13-1\bin\jimage.dll
0x00007ffa53c90000 - 0x00007ffa53cc8000 	C:\Program Files\RedHat\java-11-openjdk-11.0.13-1\bin\jdwp.dll
0x00007ffa55660000 - 0x00007ffa5566e000 	C:\Program Files\RedHat\java-11-openjdk-11.0.13-1\bin\instrument.dll
0x00007ffa52cd0000 - 0x00007ffa52ce7000 	C:\Program Files\RedHat\java-11-openjdk-11.0.13-1\bin\zip.dll
0x00007ffa5b210000 - 0x00007ffa5b954000 	C:\Windows\System32\SHELL32.dll
0x00007ffa58040000 - 0x00007ffa587d4000 	C:\Windows\SYSTEM32\windows.storage.dll
0x00007ffa5c290000 - 0x00007ffa5c5e4000 	C:\Windows\System32\combase.dll
0x00007ffa59940000 - 0x00007ffa5996c000 	C:\Windows\SYSTEM32\Wldp.dll
0x00007ffa5a950000 - 0x00007ffa5a9fd000 	C:\Windows\System32\SHCORE.dll
0x00007ffa5ac40000 - 0x00007ffa5ac95000 	C:\Windows\System32\shlwapi.dll
0x00007ffa59e90000 - 0x00007ffa59eaf000 	C:\Windows\SYSTEM32\profapi.dll
0x00007ffa53ef0000 - 0x00007ffa53efa000 	C:\Program Files\RedHat\java-11-openjdk-11.0.13-1\bin\dt_socket.dll
0x00007ffa59640000 - 0x00007ffa596aa000 	C:\Windows\System32\mswsock.dll
0x00007ffa59370000 - 0x00007ffa5943a000 	C:\Windows\SYSTEM32\DNSAPI.dll
0x00007ffa59330000 - 0x00007ffa5936b000 	C:\Windows\SYSTEM32\IPHLPAPI.DLL
0x00007ffa5bf90000 - 0x00007ffa5bf98000 	C:\Windows\System32\NSI.dll
0x00007ffa481e0000 - 0x00007ffa4825f000 	C:\Windows\System32\fwpuclnt.dll
0x00007ffa5a6f0000 - 0x00007ffa5a717000 	C:\Windows\System32\bcrypt.dll
0x00007ffa51cd0000 - 0x00007ffa51cda000 	C:\Windows\System32\rasadhlp.dll
0x00007ffa521b0000 - 0x00007ffa521c9000 	C:\Program Files\RedHat\java-11-openjdk-11.0.13-1\bin\net.dll
0x00007ffa48550000 - 0x00007ffa48659000 	C:\Windows\SYSTEM32\WINHTTP.dll
0x00007ffa51200000 - 0x00007ffa51212000 	C:\Program Files\RedHat\java-11-openjdk-11.0.13-1\bin\nio.dll
0x00007ffa52280000 - 0x00007ffa52296000 	C:\Program Files\RedHat\java-11-openjdk-11.0.13-1\bin\sunec.dll
0x00007ffa59890000 - 0x00007ffa598a8000 	C:\Windows\SYSTEM32\CRYPTSP.dll
0x00007ffa58fc0000 - 0x00007ffa58ff4000 	C:\Windows\system32\rsaenh.dll
0x00007ffa59e10000 - 0x00007ffa59e3e000 	C:\Windows\SYSTEM32\USERENV.dll
0x00007ffa598b0000 - 0x00007ffa598bc000 	C:\Windows\SYSTEM32\CRYPTBASE.dll
0x00007ffa51110000 - 0x00007ffa51127000 	C:\Windows\SYSTEM32\dhcpcsvc6.DLL
0x00007ffa52080000 - 0x00007ffa5209d000 	C:\Windows\SYSTEM32\dhcpcsvc.DLL
0x00007ffa522a0000 - 0x00007ffa522ae000 	C:\Program Files\RedHat\java-11-openjdk-11.0.13-1\bin\sunmscapi.dll
0x00007ffa5a2a0000 - 0x00007ffa5a3f6000 	C:\Windows\System32\CRYPT32.dll
0x00007ffa599b0000 - 0x00007ffa599d7000 	C:\Windows\SYSTEM32\ncrypt.dll
0x00007ffa59970000 - 0x00007ffa599ab000 	C:\Windows\SYSTEM32\NTASN1.dll

dbghelp: loaded successfully - version: 4.0.5 - missing functions: none
symbol engine: initialized successfully - sym options: 0x614 - pdb path: .;C:\Program Files\RedHat\java-11-openjdk-11.0.13-1\bin;C:\Windows\SYSTEM32;C:\Windows\WinSxS\amd64_microsoft.windows.common-controls_6595b64144ccf1df_6.0.19041.1110_none_60b5254171f9507e;C:\Program Files\RedHat\java-11-openjdk-11.0.13-1\bin\server

VM Arguments:
jvm_args: -agentlib:jdwp=transport=dt_socket,suspend=y,address=localhost:57011 -javaagent:C:\Users\ASUS\eclipse\jee-2021-09\eclipse\configuration\org.eclipse.osgi\415\0\.cp\lib\javaagent-shaded.jar -Dfile.encoding=Cp1252 
java_command: com.universidadjava.daoImpl.BaseDaoJDBC
java_class_path (initial): C:\Users\ASUS\eclipse-workspace-protalento.bootcamp\manejo-JDBC\target\classes;C:\Users\ASUS\.m2\repository\mysql\mysql-connector-java\8.0.28\mysql-connector-java-8.0.28.jar;C:\Users\ASUS\.m2\repository\com\google\protobuf\protobuf-java\3.11.4\protobuf-java-3.11.4.jar
Launcher Type: SUN_STANDARD

[Global flags]
     intx CICompilerCount                          = 4                                         {product} {ergonomic}
     uint ConcGCThreads                            = 2                                         {product} {ergonomic}
     uint G1ConcRefinementThreads                  = 8                                         {product} {ergonomic}
   size_t G1HeapRegionSize                         = 1048576                                   {product} {ergonomic}
    uintx GCDrainStackTargetSize                   = 64                                        {product} {ergonomic}
   size_t InitialHeapSize                          = 130023424                                 {product} {ergonomic}
   size_t MarkStackSize                            = 4194304                                   {product} {ergonomic}
   size_t MaxHeapSize                              = 2080374784                                {product} {ergonomic}
   size_t MaxNewSize                               = 1247805440                                {product} {ergonomic}
   size_t MinHeapDeltaBytes                        = 1048576                                   {product} {ergonomic}
    uintx NonNMethodCodeHeapSize                   = 5836300                                {pd product} {ergonomic}
    uintx NonProfiledCodeHeapSize                  = 122910970                              {pd product} {ergonomic}
    uintx ProfiledCodeHeapSize                     = 122910970                              {pd product} {ergonomic}
    uintx ReservedCodeCacheSize                    = 251658240                              {pd product} {ergonomic}
     bool SegmentedCodeCache                       = true                                      {product} {ergonomic}
     bool UseCompressedClassPointers               = true                                 {lp64_product} {ergonomic}
     bool UseCompressedOops                        = true                                 {lp64_product} {ergonomic}
     bool UseG1GC                                  = true                                      {product} {ergonomic}
     bool UseLargePagesIndividualAllocation        = false                                  {pd product} {ergonomic}

Logging:
Log output configuration:
 #0: stdout all=warning uptime,level,tags
 #1: stderr all=off uptime,level,tags

Environment Variables:
JAVA_HOME=C:\Program Files\RedHat\java-11-openjdk-11.0.13-1
PATH=C:/Program Files/RedHat/java-11-openjdk-11.0.13-1/bin/server;C:/Program Files/RedHat/java-11-openjdk-11.0.13-1/bin;C:\Windows\system32;C:\Windows;C:\Windows\System32\Wbem;C:\Windows\System32\WindowsPowerShell\v1.0\;C:\Windows\System32\OpenSSH\;C:\Program Files\Git\cmd;C:\Users\ASUS\Desktop\bootcamp java\apache-maven-3.8.3-bin\apache-maven-3.8.3\bin;C:\Program Files\RedHat\java-11-openjdk-11.0.13-1\bin;C:\Program Files\Sublime Text;C:\Users\ASUS\AppData\Local\Microsoft\WindowsApps;C:\Users\ASUS\AppData\Local\gitkraken\bin;C:\Program Files\heroku\bin;C:\Windows\System32;
USERNAME=ASUS
OS=Windows_NT
PROCESSOR_IDENTIFIER=Intel64 Family 6 Model 126 Stepping 5, GenuineIntel



---------------  S Y S T E M  ---------------

OS: Windows 10 , 64 bit Build 19041 (10.0.19041.1566)
OS uptime: 0 days 20:34 hours

CPU:total 8 (initial active 8) (4 cores per cpu, 2 threads per core) family 6 model 126 stepping 5 microcode 0xa0, cmov, cx8, fxsr, mmx, sse, sse2, sse3, ssse3, sse4.1, sse4.2, popcnt, avx, avx2, aes, clmul, erms, 3dnowpref, lzcnt, ht, tsc, tscinvbit, bmi1, bmi2, adx, evex, sha, fma

Memory: 4k page, system-wide physical 7932M (1729M free)
TotalPageFile size 15612M (AvailPageFile size 6130M)
current process WorkingSet (physical memory assigned to process): 83M, peak: 86M
current process commit charge ("private bytes"): 220M, peak: 224M

vm_info: OpenJDK 64-Bit Server VM (11.0.13+8-LTS) for windows-amd64 JRE (11.0.13+8-LTS), built on Oct 16 2021 19:46:00 by "" with unknown MS VC++:1916

END.
